2019-02-26 00:57:59,221 - app.logger - DEBUG - Green Book
2019-02-26 00:57:59,222 - app.logger - DEBUG - Green.Book
2019-02-26 00:57:59,222 - app.logger - DEBUG - Green-Book
2019-02-26 00:57:59,222 - app.logger - DEBUG - Green_Book
2019-02-26 00:57:59,222 - app.logger - DEBUG - separating torrents by resolution
2019-02-26 01:03:51,197 - app.logger - DEBUG - Green Book
2019-02-26 01:03:51,198 - app.logger - DEBUG - Green.Book
2019-02-26 01:03:51,198 - app.logger - DEBUG - Green-Book
2019-02-26 01:03:51,198 - app.logger - DEBUG - Green_Book
2019-02-26 01:03:51,198 - app.logger - DEBUG - separating torrents by resolution
2019-02-26 01:04:07,493 - app.logger - DEBUG - Green Book
2019-02-26 01:04:07,493 - app.logger - DEBUG - Green.Book
2019-02-26 01:04:07,493 - app.logger - DEBUG - Green-Book
2019-02-26 01:04:07,493 - app.logger - DEBUG - Green_Book
2019-02-26 01:04:07,493 - app.logger - DEBUG - separating torrents by resolution
2019-02-26 01:04:24,606 - app.logger - DEBUG - Green Book
2019-02-26 01:04:24,607 - app.logger - DEBUG - Green.Book
2019-02-26 01:04:24,607 - app.logger - DEBUG - Green-Book
2019-02-26 01:04:24,607 - app.logger - DEBUG - Green_Book
2019-02-26 01:04:24,607 - app.logger - DEBUG - separating torrents by resolution
2019-02-26 01:06:26,875 - app.logger - DEBUG - Green Book
2019-02-26 01:06:26,875 - app.logger - DEBUG - Green.Book
2019-02-26 01:06:26,875 - app.logger - DEBUG - Green-Book
2019-02-26 01:06:26,875 - app.logger - DEBUG - Green_Book
2019-02-26 01:06:26,876 - app.logger - DEBUG - separating torrents by resolution
2019-02-26 01:14:59,354 - app.logger - DEBUG - Green Book
2019-02-26 01:14:59,354 - app.logger - DEBUG - Green.Book
2019-02-26 01:14:59,354 - app.logger - DEBUG - Green-Book
2019-02-26 01:14:59,354 - app.logger - DEBUG - Green_Book
2019-02-26 01:14:59,354 - app.logger - DEBUG - separating torrents by resolution
2019-02-26 01:14:59,354 - app.logger - DEBUG - Green Book 2018 1080p WEB-DL x264 [1 9GB] [MP4]
2019-02-26 01:14:59,354 - app.logger - DEBUG - 	number of seeders: +2.21 points
2019-02-26 01:14:59,354 - app.logger - DEBUG - 	matched great_words: +4.00 points
2019-02-26 01:14:59,354 - app.logger - DEBUG - 	matched good_words: +1.00 points
2019-02-26 01:14:59,354 - app.logger - DEBUG - Green Book 2018 1080p AMZN WEB-DL DDP5 1 H 264-NTG[EtHD]
2019-02-26 01:14:59,355 - app.logger - DEBUG - 	number of seeders: +1.90 points
2019-02-26 01:14:59,355 - app.logger - DEBUG - 	matched great_words: +4.00 points
2019-02-26 01:14:59,355 - app.logger - DEBUG - Зелёная книга / Green Book (2018) WEB-DL 1080p | D, P | iTunes
2019-02-26 01:14:59,355 - app.logger - DEBUG - 	number of seeders: +1.87 points
2019-02-26 01:14:59,355 - app.logger - DEBUG - 	matched great_words: +4.00 points
2019-02-26 01:14:59,355 - app.logger - DEBUG - 绿皮书 Green Book 2018 1080p WEB-DL CHS ENG
2019-02-26 01:14:59,355 - app.logger - DEBUG - 	number of seeders: +1.52 points
2019-02-26 01:14:59,355 - app.logger - DEBUG - 	matched great_words: +4.00 points
2019-02-26 01:14:59,355 - app.logger - DEBUG - Green Book (2018)-Viggo Mortensen-1080p-H264-AC 3 (DolbyDigital-5 1) & nickarad
2019-02-26 01:14:59,355 - app.logger - DEBUG - 	number of seeders: +1.29 points
2019-02-26 01:14:59,355 - app.logger - DEBUG - 	matched great_words: +4.00 points
2019-02-26 01:14:59,355 - app.logger - DEBUG - Green Book 2018 HD 720P X264 ACC BTshoufa[中英字幕]
2019-02-26 01:14:59,355 - app.logger - DEBUG - 	number of seeders: +1.74 points
2019-02-26 01:14:59,355 - app.logger - DEBUG - 	matched great_words: +4.00 points
2019-02-26 01:14:59,355 - app.logger - DEBUG - 绿皮书 Green Book 2019 HD720P 英语中英双字 BTDX8
2019-02-26 01:14:59,356 - app.logger - DEBUG - 	number of seeders: +1.66 points
2019-02-26 01:14:59,356 - app.logger - DEBUG - 	matched great_words: +4.00 points
2019-02-26 01:14:59,356 - app.logger - DEBUG - Зелёная книга / Green Book (2018) WEB-DL 720p | D, P | iTunes
2019-02-26 01:14:59,356 - app.logger - DEBUG - 	number of seeders: +1.59 points
2019-02-26 01:14:59,356 - app.logger - DEBUG - 	matched great_words: +4.00 points
2019-02-26 01:14:59,356 - app.logger - DEBUG - 绿皮书 Green Book 2018 中英字幕 WEBrip 720P-人人影视
2019-02-26 01:14:59,356 - app.logger - DEBUG - 	number of seeders: +1.43 points
2019-02-26 01:14:59,356 - app.logger - DEBUG - 	matched great_words: +4.00 points
2019-02-26 01:14:59,356 - app.logger - DEBUG - Green Book 2018 720p WEB-DL x264 [999MB] [MP4]
2019-02-26 01:14:59,356 - app.logger - DEBUG - 	number of seeders: +1.37 points
2019-02-26 01:14:59,356 - app.logger - DEBUG - 	matched great_words: +4.00 points
2019-02-26 01:14:59,356 - app.logger - DEBUG - 	matched good_words: +1.00 points
2019-02-26 01:14:59,356 - app.logger - DEBUG - Зелёная книга / Green Book (2018) WEB-DLRip от MegaPeer | HDRezka Studio
2019-02-26 01:14:59,356 - app.logger - DEBUG - 	number of seeders: +1.92 points
2019-02-26 01:14:59,356 - app.logger - DEBUG - 	matched great_words: +4.00 points
2019-02-26 01:14:59,356 - app.logger - DEBUG - Зелёная книга / Green Book (2018) WEB-DLRip от MegaPeer | iTunes
2019-02-26 01:14:59,356 - app.logger - DEBUG - 	number of seeders: +1.77 points
2019-02-26 01:14:59,357 - app.logger - DEBUG - 	matched great_words: +4.00 points
2019-02-26 01:14:59,357 - app.logger - DEBUG - Зелёная книга / Green Book (2018) WEB-DLRip от MegaPeer | iTunes
2019-02-26 01:14:59,357 - app.logger - DEBUG - 	number of seeders: +1.64 points
2019-02-26 01:14:59,357 - app.logger - DEBUG - 	matched great_words: +4.00 points
2019-02-26 01:15:50,142 - app.logger - DEBUG - Green Book
2019-02-26 01:15:50,143 - app.logger - DEBUG - Green.Book
2019-02-26 01:15:50,143 - app.logger - DEBUG - Green-Book
2019-02-26 01:15:50,143 - app.logger - DEBUG - Green_Book
2019-02-26 01:15:50,143 - app.logger - DEBUG - separating torrents by resolution
2019-02-26 01:15:50,143 - app.logger - DEBUG - Green Book 2018 1080p WEB-DL x264 [1 9GB] [MP4]
2019-02-26 01:15:50,143 - app.logger - DEBUG - 	number of seeders: +2.21 points
2019-02-26 01:15:50,143 - app.logger - DEBUG - 	matched great_words: +4.00 points
2019-02-26 01:15:50,143 - app.logger - DEBUG - 	matched good_words: +1.00 points
2019-02-26 01:15:50,143 - app.logger - DEBUG - Green Book 2018 1080p AMZN WEB-DL DDP5 1 H 264-NTG[EtHD]
2019-02-26 01:15:50,143 - app.logger - DEBUG - 	number of seeders: +1.90 points
2019-02-26 01:15:50,143 - app.logger - DEBUG - 	matched great_words: +4.00 points
2019-02-26 01:15:50,144 - app.logger - DEBUG - Зелёная книга / Green Book (2018) WEB-DL 1080p | D, P | iTunes
2019-02-26 01:15:50,144 - app.logger - DEBUG - 	number of seeders: +1.87 points
2019-02-26 01:15:50,144 - app.logger - DEBUG - 	matched great_words: +4.00 points
2019-02-26 01:15:50,144 - app.logger - DEBUG - 绿皮书 Green Book 2018 1080p WEB-DL CHS ENG
2019-02-26 01:15:50,144 - app.logger - DEBUG - 	number of seeders: +1.52 points
2019-02-26 01:15:50,144 - app.logger - DEBUG - 	matched great_words: +4.00 points
2019-02-26 01:15:50,144 - app.logger - DEBUG - Green Book (2018)-Viggo Mortensen-1080p-H264-AC 3 (DolbyDigital-5 1) & nickarad
2019-02-26 01:15:50,144 - app.logger - DEBUG - 	number of seeders: +1.29 points
2019-02-26 01:15:50,144 - app.logger - DEBUG - 	matched great_words: +4.00 points
2019-02-26 01:15:50,144 - app.logger - DEBUG - Green Book 2018 HD 720P X264 ACC BTshoufa[中英字幕]
2019-02-26 01:15:50,144 - app.logger - DEBUG - 	number of seeders: +1.74 points
2019-02-26 01:15:50,144 - app.logger - DEBUG - 	matched great_words: +4.00 points
2019-02-26 01:15:50,144 - app.logger - DEBUG - 绿皮书 Green Book 2019 HD720P 英语中英双字 BTDX8
2019-02-26 01:15:50,144 - app.logger - DEBUG - 	number of seeders: +1.66 points
2019-02-26 01:15:50,144 - app.logger - DEBUG - 	matched great_words: +4.00 points
2019-02-26 01:15:50,145 - app.logger - DEBUG - Зелёная книга / Green Book (2018) WEB-DL 720p | D, P | iTunes
2019-02-26 01:15:50,145 - app.logger - DEBUG - 	number of seeders: +1.59 points
2019-02-26 01:15:50,145 - app.logger - DEBUG - 	matched great_words: +4.00 points
2019-02-26 01:15:50,145 - app.logger - DEBUG - 绿皮书 Green Book 2018 中英字幕 WEBrip 720P-人人影视
2019-02-26 01:15:50,145 - app.logger - DEBUG - 	number of seeders: +1.43 points
2019-02-26 01:15:50,145 - app.logger - DEBUG - 	matched great_words: +4.00 points
2019-02-26 01:15:50,145 - app.logger - DEBUG - Green Book 2018 720p WEB-DL x264 [999MB] [MP4]
2019-02-26 01:15:50,145 - app.logger - DEBUG - 	number of seeders: +1.37 points
2019-02-26 01:15:50,145 - app.logger - DEBUG - 	matched great_words: +4.00 points
2019-02-26 01:15:50,145 - app.logger - DEBUG - 	matched good_words: +1.00 points
2019-02-26 01:15:50,145 - app.logger - DEBUG - Зелёная книга / Green Book (2018) WEB-DLRip от MegaPeer | HDRezka Studio
2019-02-26 01:15:50,145 - app.logger - DEBUG - 	number of seeders: +1.92 points
2019-02-26 01:15:50,145 - app.logger - DEBUG - 	matched great_words: +4.00 points
2019-02-26 01:15:50,145 - app.logger - DEBUG - Зелёная книга / Green Book (2018) WEB-DLRip от MegaPeer | iTunes
2019-02-26 01:15:50,145 - app.logger - DEBUG - 	number of seeders: +1.77 points
2019-02-26 01:15:50,145 - app.logger - DEBUG - 	matched great_words: +4.00 points
2019-02-26 01:15:50,146 - app.logger - DEBUG - Зелёная книга / Green Book (2018) WEB-DLRip от MegaPeer | iTunes
2019-02-26 01:15:50,146 - app.logger - DEBUG - 	number of seeders: +1.64 points
2019-02-26 01:15:50,146 - app.logger - DEBUG - 	matched great_words: +4.00 points
2019-02-26 01:22:53,480 - app.logger - DEBUG - Green Book
2019-02-26 01:22:53,480 - app.logger - DEBUG - Green.Book
2019-02-26 01:22:53,480 - app.logger - DEBUG - Green-Book
2019-02-26 01:22:53,480 - app.logger - DEBUG - Green_Book
2019-02-26 01:22:53,480 - app.logger - DEBUG - separating torrents by resolution
2019-02-26 01:22:53,481 - app.logger - DEBUG - Green Book 2018 1080p WEB-DL x264 [1 9GB] [MP4]
2019-02-26 01:22:53,481 - app.logger - DEBUG - 	number of seeders: +2.21 points
2019-02-26 01:22:53,481 - app.logger - DEBUG - 	matched great_words: +4.00 points
2019-02-26 01:22:53,481 - app.logger - DEBUG - 	matched good_words: +1.00 points
2019-02-26 01:22:53,481 - app.logger - DEBUG - Green Book 2018 1080p AMZN WEB-DL DDP5 1 H 264-NTG[EtHD]
2019-02-26 01:22:53,481 - app.logger - DEBUG - 	number of seeders: +1.90 points
2019-02-26 01:22:53,481 - app.logger - DEBUG - 	matched great_words: +4.00 points
2019-02-26 01:22:53,481 - app.logger - DEBUG - Зелёная книга / Green Book (2018) WEB-DL 1080p | D, P | iTunes
2019-02-26 01:22:53,481 - app.logger - DEBUG - 	number of seeders: +1.87 points
2019-02-26 01:22:53,481 - app.logger - DEBUG - 	matched great_words: +4.00 points
2019-02-26 01:22:53,481 - app.logger - DEBUG - 绿皮书 Green Book 2018 1080p WEB-DL CHS ENG
2019-02-26 01:22:53,481 - app.logger - DEBUG - 	number of seeders: +1.52 points
2019-02-26 01:22:53,481 - app.logger - DEBUG - 	matched great_words: +4.00 points
2019-02-26 01:22:53,481 - app.logger - DEBUG - Green Book (2018)-Viggo Mortensen-1080p-H264-AC 3 (DolbyDigital-5 1) & nickarad
2019-02-26 01:22:53,482 - app.logger - DEBUG - 	number of seeders: +1.29 points
2019-02-26 01:22:53,482 - app.logger - DEBUG - 	matched great_words: +4.00 points
2019-02-26 01:22:53,482 - app.logger - DEBUG - final list contains 5 torrents
2019-02-26 01:22:53,482 - app.logger - DEBUG - Green Book 2018 HD 720P X264 ACC BTshoufa[中英字幕]
2019-02-26 01:22:53,482 - app.logger - DEBUG - 	number of seeders: +1.74 points
2019-02-26 01:22:53,482 - app.logger - DEBUG - 	matched great_words: +4.00 points
2019-02-26 01:22:53,482 - app.logger - DEBUG - 绿皮书 Green Book 2019 HD720P 英语中英双字 BTDX8
2019-02-26 01:22:53,482 - app.logger - DEBUG - 	number of seeders: +1.66 points
2019-02-26 01:22:53,482 - app.logger - DEBUG - 	matched great_words: +4.00 points
2019-02-26 01:22:53,482 - app.logger - DEBUG - Зелёная книга / Green Book (2018) WEB-DL 720p | D, P | iTunes
2019-02-26 01:22:53,482 - app.logger - DEBUG - 	number of seeders: +1.59 points
2019-02-26 01:22:53,482 - app.logger - DEBUG - 	matched great_words: +4.00 points
2019-02-26 01:22:53,482 - app.logger - DEBUG - 绿皮书 Green Book 2018 中英字幕 WEBrip 720P-人人影视
2019-02-26 01:22:53,482 - app.logger - DEBUG - 	number of seeders: +1.43 points
2019-02-26 01:22:53,482 - app.logger - DEBUG - 	matched great_words: +4.00 points
2019-02-26 01:22:53,483 - app.logger - DEBUG - Green Book 2018 720p WEB-DL x264 [999MB] [MP4]
2019-02-26 01:22:53,483 - app.logger - DEBUG - 	number of seeders: +1.37 points
2019-02-26 01:22:53,483 - app.logger - DEBUG - 	matched great_words: +4.00 points
2019-02-26 01:22:53,483 - app.logger - DEBUG - 	matched good_words: +1.00 points
2019-02-26 01:22:53,483 - app.logger - DEBUG - final list contains 10 torrents
2019-02-26 01:22:53,483 - app.logger - DEBUG - Зелёная книга / Green Book (2018) WEB-DLRip от MegaPeer | HDRezka Studio
2019-02-26 01:22:53,483 - app.logger - DEBUG - 	number of seeders: +1.92 points
2019-02-26 01:22:53,483 - app.logger - DEBUG - 	matched great_words: +4.00 points
2019-02-26 01:22:53,483 - app.logger - DEBUG - Зелёная книга / Green Book (2018) WEB-DLRip от MegaPeer | iTunes
2019-02-26 01:22:53,483 - app.logger - DEBUG - 	number of seeders: +1.77 points
2019-02-26 01:22:53,483 - app.logger - DEBUG - 	matched great_words: +4.00 points
2019-02-26 01:22:53,483 - app.logger - DEBUG - Зелёная книга / Green Book (2018) WEB-DLRip от MegaPeer | iTunes
2019-02-26 01:22:53,483 - app.logger - DEBUG - 	number of seeders: +1.64 points
2019-02-26 01:22:53,483 - app.logger - DEBUG - 	matched great_words: +4.00 points
2019-02-26 01:22:53,483 - app.logger - DEBUG - final list contains 13 torrents
